COMMAND: ../../../source/igphyml/src/igphyml -i ../clustalw/clusterS6_00037.fasta.msa.nt.fa -m GY --threads 4 
trees: 1

. Calculation of pairwise distances completed in 1 sec.

Warning: Number of threads (4) exceeds number of lineages (1).
........ This will not speed up computations beyond 1 threads.

. Maximizing likelihood (using NNI moves)...

. (    0 sec) [R       -882.4011] [Initial trees and parameters]
. (    1 sec) [R       -871.9670] [ts/tv ratio        ][1.67 ]
. (    1 sec) [R       -871.9670] [dn/ds ratio        ][0.97 ]
. (    9 sec) [R       -816.4487] [ts/tv ratio        ][1.70 ]
. (    9 sec) [R       -816.4487] [dn/ds ratio        ][0.92 ]
. (   15 sec) [R       -815.3122] [ts/tv ratio        ][1.72 ]
. (   15 sec) [R       -815.3122] [dn/ds ratio        ][0.92 ]
. (   22 sec) [R       -814.1852] [ts/tv ratio        ][1.77 ]
. (   22 sec) [R       -814.1852] [dn/ds ratio        ][0.93 ]
. (   28 sec) [R       -813.1964] [ts/tv ratio        ][1.78 ]
. (   28 sec) [R       -813.1964] [dn/ds ratio        ][0.93 ]
. (   34 sec) [R       -813.0603] [ts/tv ratio        ][1.77 ]
. (   34 sec) [R       -813.0603] [dn/ds ratio        ][0.93 ]
. (   41 sec) [R       -813.0600] Final likelihood
. Time used 0h0m41s

oooooooooooooooooooooooooooooooooooooooooooooooooooooooooooooooooooooooooooooooo
