This file contains any messages produced by compilers while
running configure, to aid debugging if configure makes a mistake.

It was created by IgPHYML configure 1.1.0 201909.16, which was
generated by GNU Autoconf 2.69.  Invocation command line was

  $ ./configure --enable-blas_omp

## --------- ##
## Platform. ##
## --------- ##

hostname = 老罗的mac
uname -m = x86_64
uname -r = 19.2.0
uname -s = Darwin
uname -v = Darwin Kernel Version 19.2.0: Sat Nov  9 03:47:04 PST 2019; root:xnu-6153.61.1~20/RELEASE_X86_64

/usr/bin/uname -p = i386
/bin/uname -X     = unknown

/bin/arch              = unknown
/usr/bin/arch -k       = unknown
/usr/convex/getsysinfo = unknown
/usr/bin/hostinfo      = Mach kernel version:
	 Darwin Kernel Version 19.2.0: Sat Nov  9 03:47:04 PST 2019; root:xnu-6153.61.1~20/RELEASE_X86_64
Kernel configured for up to 8 processors.
4 processors are physically available.
8 processors are logically available.
Processor type: x86_64h (Intel x86-64h Haswell)
Processors active: 0 1 2 3 4 5 6 7
Primary memory available: 16.00 gigabytes
Default processor set: 446 tasks, 2002 threads, 8 processors
Load average: 2.88, Mach factor: 5.10
/bin/machine           = unknown
/usr/bin/oslevel       = unknown
/bin/universe          = unknown

PATH: /Users/Meng/opt/miniconda3/envs/nCov/bin
PATH: /Users/Meng/opt/miniconda3/condabin
PATH: /usr/local/bin
PATH: /usr/bin
PATH: /bin
PATH: /usr/sbin
PATH: /sbin


## ----------- ##
## Core tests. ##
## ----------- ##

configure:2273: checking for a BSD-compatible install
configure:2341: result: /usr/bin/install -c
configure:2352: checking whether build environment is sane
configure:2407: result: yes
configure:2558: checking for a thread-safe mkdir -p
configure:2597: result: ./install-sh -c -d
configure:2604: checking for gawk
configure:2634: result: no
configure:2604: checking for mawk
configure:2634: result: no
configure:2604: checking for nawk
configure:2634: result: no
configure:2604: checking for awk
configure:2620: found /usr/bin/awk
configure:2631: result: awk
configure:2642: checking whether make sets $(MAKE)
configure:2664: result: yes
configure:2693: checking whether make supports nested variables
configure:2710: result: yes
configure:2840: checking build system type
configure:2854: result: x86_64-apple-darwin19.2.0
configure:2874: checking host system type
configure:2887: result: x86_64-apple-darwin19.2.0
configure:2958: checking for gcc
configure:2974: found /usr/bin/gcc
configure:2985: result: gcc
configure:3214: checking for C compiler version
configure:3223: gcc --version >&5
Apple clang version 11.0.0 (clang-1100.0.33.17)
Target: x86_64-apple-darwin19.2.0
Thread model: posix
InstalledDir: /Library/Developer/CommandLineTools/usr/bin
Configured with: --prefix=/Library/Developer/CommandLineTools/usr --with-gxx-include-dir=/Library/Developer/CommandLineTools/SDKs/MacOSX.sdk/usr/include/c++/4.2.1
configure:3234: $? = 0
configure:3223: gcc -v >&5
Configured with: --prefix=/Library/Developer/CommandLineTools/usr --with-gxx-include-dir=/Library/Developer/CommandLineTools/SDKs/MacOSX.sdk/usr/include/c++/4.2.1
Apple clang version 11.0.0 (clang-1100.0.33.17)
Target: x86_64-apple-darwin19.2.0
Thread model: posix
InstalledDir: /Library/Developer/CommandLineTools/usr/bin
configure:3234: $? = 0
configure:3223: gcc -V >&5
clang: error: unsupported option '-V -Wno-framework-include-private-from-public'
clang: error: no input files
configure:3234: $? = 1
configure:3223: gcc -qversion >&5
clang: error: unknown argument '-qversion', did you mean '--version'?
clang: error: no input files
configure:3234: $? = 1
configure:3254: checking whether the C compiler works
configure:3276: gcc    conftest.c  >&5
configure:3280: $? = 0
configure:3328: result: yes
configure:3331: checking for C compiler default output file name
configure:3333: result: a.out
configure:3339: checking for suffix of executables
configure:3346: gcc -o conftest    conftest.c  >&5
configure:3350: $? = 0
configure:3372: result: 
configure:3394: checking whether we are cross compiling
configure:3402: gcc -o conftest    conftest.c  >&5
configure:3406: $? = 0
configure:3413: ./conftest
configure:3417: $? = 0
configure:3432: result: no
configure:3437: checking for suffix of object files
configure:3459: gcc -c   conftest.c >&5
configure:3463: $? = 0
configure:3484: result: o
configure:3488: checking whether we are using the GNU C compiler
configure:3507: gcc -c   conftest.c >&5
configure:3507: $? = 0
configure:3516: result: yes
configure:3525: checking whether gcc accepts -g
configure:3545: gcc -c -g  conftest.c >&5
configure:3545: $? = 0
configure:3586: result: yes
configure:3603: checking for gcc option to accept ISO C89
configure:3666: gcc  -c -g -O2  conftest.c >&5
configure:3666: $? = 0
configure:3679: result: none needed
configure:3704: checking whether gcc understands -c and -o together
configure:3726: gcc -c conftest.c -o conftest2.o
configure:3729: $? = 0
configure:3726: gcc -c conftest.c -o conftest2.o
configure:3729: $? = 0
configure:3741: result: yes
configure:3761: checking whether make supports the include directive
configure:3776: make -f confmf.GNU && cat confinc.out
this is the am__doit target
configure:3779: $? = 0
configure:3798: result: yes (GNU style)
configure:3823: checking dependency style of gcc
configure:3934: result: gcc3
configure:3952: checking for log in -lm
configure:3977: gcc -o conftest -g -O2   conftest.c -lm   >&5
conftest.c:18:6: warning: incompatible redeclaration of library function 'log' [-Wincompatible-library-redeclaration]
char log ();
     ^
conftest.c:18:6: note: 'log' is a builtin with type 'double (double)'
1 warning generated.
configure:3977: $? = 0
configure:3986: result: yes
configure:4004: checking how to run the C preprocessor
configure:4035: gcc -E  conftest.c
configure:4035: $? = 0
configure:4049: gcc -E  conftest.c
conftest.c:12:10: fatal error: 'ac_nonexistent.h' file not found
#include <ac_nonexistent.h>
         ^~~~~~~~~~~~~~~~~~
1 error generated.
configure:4049: $? = 1
configure: failed program was:
| /* confdefs.h */
| #define PACKAGE_NAME "IgPHYML"
| #define PACKAGE_TARNAME "igphyml"
| #define PACKAGE_VERSION "1.1.0 201909.16"
| #define PACKAGE_STRING "IgPHYML 1.1.0 201909.16"
| #define PACKAGE_BUGREPORT "kenneth.hoehn@gmail.com"
| #define PACKAGE_URL ""
| #define PACKAGE "igphyml"
| #define VERSION "1.1.0 201909.16"
| #define HAVE_LIBM 1
| /* end confdefs.h.  */
| #include <ac_nonexistent.h>
configure:4074: result: gcc -E
configure:4094: gcc -E  conftest.c
configure:4094: $? = 0
configure:4108: gcc -E  conftest.c
conftest.c:12:10: fatal error: 'ac_nonexistent.h' file not found
#include <ac_nonexistent.h>
         ^~~~~~~~~~~~~~~~~~
1 error generated.
configure:4108: $? = 1
configure: failed program was:
| /* confdefs.h */
| #define PACKAGE_NAME "IgPHYML"
| #define PACKAGE_TARNAME "igphyml"
| #define PACKAGE_VERSION "1.1.0 201909.16"
| #define PACKAGE_STRING "IgPHYML 1.1.0 201909.16"
| #define PACKAGE_BUGREPORT "kenneth.hoehn@gmail.com"
| #define PACKAGE_URL ""
| #define PACKAGE "igphyml"
| #define VERSION "1.1.0 201909.16"
| #define HAVE_LIBM 1
| /* end confdefs.h.  */
| #include <ac_nonexistent.h>
configure:4137: checking for grep that handles long lines and -e
configure:4195: result: /usr/bin/grep
configure:4200: checking for egrep
configure:4262: result: /usr/bin/grep -E
configure:4267: checking for ANSI C header files
configure:4287: gcc -c -g -O2  conftest.c >&5
configure:4287: $? = 0
configure:4360: gcc -o conftest -g -O2   conftest.c -lm  >&5
configure:4360: $? = 0
configure:4360: ./conftest
configure:4360: $? = 0
configure:4371: result: yes
configure:4384: checking for sys/types.h
configure:4384: gcc -c -g -O2  conftest.c >&5
configure:4384: $? = 0
configure:4384: result: yes
configure:4384: checking for sys/stat.h
configure:4384: gcc -c -g -O2  conftest.c >&5
configure:4384: $? = 0
configure:4384: result: yes
configure:4384: checking for stdlib.h
configure:4384: gcc -c -g -O2  conftest.c >&5
configure:4384: $? = 0
configure:4384: result: yes
configure:4384: checking for string.h
configure:4384: gcc -c -g -O2  conftest.c >&5
configure:4384: $? = 0
configure:4384: result: yes
configure:4384: checking for memory.h
configure:4384: gcc -c -g -O2  conftest.c >&5
configure:4384: $? = 0
configure:4384: result: yes
configure:4384: checking for strings.h
configure:4384: gcc -c -g -O2  conftest.c >&5
configure:4384: $? = 0
configure:4384: result: yes
configure:4384: checking for inttypes.h
configure:4384: gcc -c -g -O2  conftest.c >&5
configure:4384: $? = 0
configure:4384: result: yes
configure:4384: checking for stdint.h
configure:4384: gcc -c -g -O2  conftest.c >&5
configure:4384: $? = 0
configure:4384: result: yes
configure:4384: checking for unistd.h
configure:4384: gcc -c -g -O2  conftest.c >&5
configure:4384: $? = 0
configure:4384: result: yes
configure:4399: checking float.h usability
configure:4399: gcc -c -g -O2  conftest.c >&5
configure:4399: $? = 0
configure:4399: result: yes
configure:4399: checking float.h presence
configure:4399: gcc -E  conftest.c
configure:4399: $? = 0
configure:4399: result: yes
configure:4399: checking for float.h
configure:4399: result: yes
configure:4399: checking for stdlib.h
configure:4399: result: yes
configure:4399: checking for string.h
configure:4399: result: yes
configure:4399: checking for unistd.h
configure:4399: result: yes
configure:4411: checking for an ANSI C-conforming const
configure:4477: gcc -c -g -O2  conftest.c >&5
configure:4477: $? = 0
configure:4484: result: yes
configure:4492: checking for inline
configure:4508: gcc -c -g -O2  conftest.c >&5
configure:4508: $? = 0
configure:4516: result: inline
configure:4534: checking for size_t
configure:4534: gcc -c -g -O2  conftest.c >&5
configure:4534: $? = 0
configure:4534: gcc -c -g -O2  conftest.c >&5
conftest.c:62:21: error: expected expression
if (sizeof ((size_t)))
                    ^
1 error generated.
configure:4534: $? = 1
configure: failed program was:
| /* confdefs.h */
| #define PACKAGE_NAME "IgPHYML"
| #define PACKAGE_TARNAME "igphyml"
| #define PACKAGE_VERSION "1.1.0 201909.16"
| #define PACKAGE_STRING "IgPHYML 1.1.0 201909.16"
| #define PACKAGE_BUGREPORT "kenneth.hoehn@gmail.com"
| #define PACKAGE_URL ""
| #define PACKAGE "igphyml"
| #define VERSION "1.1.0 201909.16"
| #define HAVE_LIBM 1
| #define STDC_HEADERS 1
| #define HAVE_SYS_TYPES_H 1
| #define HAVE_SYS_STAT_H 1
| #define HAVE_STDLIB_H 1
| #define HAVE_STRING_H 1
| #define HAVE_MEMORY_H 1
| #define HAVE_STRINGS_H 1
| #define HAVE_INTTYPES_H 1
| #define HAVE_STDINT_H 1
| #define HAVE_UNISTD_H 1
| #define HAVE_FLOAT_H 1
| #define HAVE_STDLIB_H 1
| #define HAVE_STRING_H 1
| #define HAVE_UNISTD_H 1
| /* end confdefs.h.  */
| #include <stdio.h>
| #ifdef HAVE_SYS_TYPES_H
| # include <sys/types.h>
| #endif
| #ifdef HAVE_SYS_STAT_H
| # include <sys/stat.h>
| #endif
| #ifdef STDC_HEADERS
| # include <stdlib.h>
| # include <stddef.h>
| #else
| # ifdef HAVE_STDLIB_H
| #  include <stdlib.h>
| # endif
| #endif
| #ifdef HAVE_STRING_H
| # if !defined STDC_HEADERS && defined HAVE_MEMORY_H
| #  include <memory.h>
| # endif
| # include <string.h>
| #endif
| #ifdef HAVE_STRINGS_H
| # include <strings.h>
| #endif
| #ifdef HAVE_INTTYPES_H
| # include <inttypes.h>
| #endif
| #ifdef HAVE_STDINT_H
| # include <stdint.h>
| #endif
| #ifdef HAVE_UNISTD_H
| # include <unistd.h>
| #endif
| int
| main ()
| {
| if (sizeof ((size_t)))
| 	    return 0;
|   ;
|   return 0;
| }
configure:4534: result: yes
configure:4549: checking for stdlib.h
configure:4549: result: yes
configure:4559: checking for GNU libc compatible malloc
configure:4583: gcc -o conftest -g -O2   conftest.c -lm  >&5
configure:4583: $? = 0
configure:4583: ./conftest
configure:4583: $? = 0
configure:4593: result: yes
configure:4616: checking for stdlib.h
configure:4616: result: yes
configure:4626: checking for GNU libc compatible realloc
configure:4650: gcc -o conftest -g -O2   conftest.c -lm  >&5
configure:4650: $? = 0
configure:4650: ./conftest
configure:4650: $? = 0
configure:4660: result: yes
configure:4690: checking for vprintf
configure:4690: gcc -o conftest -g -O2   conftest.c -lm  >&5
conftest.c:53:6: warning: incompatible redeclaration of library function 'vprintf' [-Wincompatible-library-redeclaration]
char vprintf ();
     ^
conftest.c:53:6: note: 'vprintf' is a builtin with type 'int (const char *, struct __va_list_tag *)'
1 warning generated.
configure:4690: $? = 0
configure:4690: result: yes
configure:4696: checking for _doprnt
configure:4696: gcc -o conftest -g -O2   conftest.c -lm  >&5
Undefined symbols for architecture x86_64:
  "__doprnt", referenced from:
      _main in conftest-fe63c0.o
ld: symbol(s) not found for architecture x86_64
clang: error: linker command failed with exit code 1 (use -v to see invocation)
configure:4696: $? = 1
configure: failed program was:
| /* confdefs.h */
| #define PACKAGE_NAME "IgPHYML"
| #define PACKAGE_TARNAME "igphyml"
| #define PACKAGE_VERSION "1.1.0 201909.16"
| #define PACKAGE_STRING "IgPHYML 1.1.0 201909.16"
| #define PACKAGE_BUGREPORT "kenneth.hoehn@gmail.com"
| #define PACKAGE_URL ""
| #define PACKAGE "igphyml"
| #define VERSION "1.1.0 201909.16"
| #define HAVE_LIBM 1
| #define STDC_HEADERS 1
| #define HAVE_SYS_TYPES_H 1
| #define HAVE_SYS_STAT_H 1
| #define HAVE_STDLIB_H 1
| #define HAVE_STRING_H 1
| #define HAVE_MEMORY_H 1
| #define HAVE_STRINGS_H 1
| #define HAVE_INTTYPES_H 1
| #define HAVE_STDINT_H 1
| #define HAVE_UNISTD_H 1
| #define HAVE_FLOAT_H 1
| #define HAVE_STDLIB_H 1
| #define HAVE_STRING_H 1
| #define HAVE_UNISTD_H 1
| #define HAVE_STDLIB_H 1
| #define HAVE_MALLOC 1
| #define HAVE_STDLIB_H 1
| #define HAVE_REALLOC 1
| #define HAVE_VPRINTF 1
| /* end confdefs.h.  */
| /* Define _doprnt to an innocuous variant, in case <limits.h> declares _doprnt.
|    For example, HP-UX 11i <limits.h> declares gettimeofday.  */
| #define _doprnt innocuous__doprnt
| 
| /* System header to define __stub macros and hopefully few prototypes,
|     which can conflict with char _doprnt (); below.
|     Prefer <limits.h> to <assert.h> if __STDC__ is defined, since
|     <limits.h> exists even on freestanding compilers.  */
| 
| #ifdef __STDC__
| # include <limits.h>
| #else
| # include <assert.h>
| #endif
| 
| #undef _doprnt
| 
| /* Override any GCC internal prototype to avoid an error.
|    Use char because int might match the return type of a GCC
|    builtin and then its argument prototype would still apply.  */
| #ifdef __cplusplus
| extern "C"
| #endif
| char _doprnt ();
| /* The GNU C library defines this for functions which it implements
|     to always fail with ENOSYS.  Some functions are actually named
|     something starting with __ and the normal name is an alias.  */
| #if defined __stub__doprnt || defined __stub____doprnt
| choke me
| #endif
| 
| int
| main ()
| {
| return _doprnt ();
|   ;
|   return 0;
| }
configure:4696: result: no
configure:4710: checking for floor
configure:4710: gcc -o conftest -g -O2   conftest.c -lm  >&5
conftest.c:54:6: warning: incompatible redeclaration of library function 'floor' [-Wincompatible-library-redeclaration]
char floor ();
     ^
conftest.c:54:6: note: 'floor' is a builtin with type 'double (double)'
1 warning generated.
configure:4710: $? = 0
configure:4710: result: yes
configure:4710: checking for pow
configure:4710: gcc -o conftest -g -O2   conftest.c -lm  >&5
conftest.c:55:6: warning: incompatible redeclaration of library function 'pow' [-Wincompatible-library-redeclaration]
char pow ();
     ^
conftest.c:55:6: note: 'pow' is a builtin with type 'double (double, double)'
1 warning generated.
configure:4710: $? = 0
configure:4710: result: yes
configure:4710: checking for rint
configure:4710: gcc -o conftest -g -O2   conftest.c -lm  >&5
conftest.c:56:6: warning: incompatible redeclaration of library function 'rint' [-Wincompatible-library-redeclaration]
char rint ();
     ^
conftest.c:56:6: note: 'rint' is a builtin with type 'double (double)'
1 warning generated.
configure:4710: $? = 0
configure:4710: result: yes
configure:4710: checking for sqrt
configure:4710: gcc -o conftest -g -O2   conftest.c -lm  >&5
conftest.c:57:6: warning: incompatible redeclaration of library function 'sqrt' [-Wincompatible-library-redeclaration]
char sqrt ();
     ^
conftest.c:57:6: note: 'sqrt' is a builtin with type 'double (double)'
1 warning generated.
configure:4710: $? = 0
configure:4710: result: yes
configure:4710: checking for strchr
configure:4710: gcc -o conftest -g -O2   conftest.c -lm  >&5
conftest.c:58:6: warning: incompatible redeclaration of library function 'strchr' [-Wincompatible-library-redeclaration]
char strchr ();
     ^
conftest.c:58:6: note: 'strchr' is a builtin with type 'char *(const char *, int)'
1 warning generated.
configure:4710: $? = 0
configure:4710: result: yes
configure:4710: checking for strstr
configure:4710: gcc -o conftest -g -O2   conftest.c -lm  >&5
conftest.c:59:6: warning: incompatible redeclaration of library function 'strstr' [-Wincompatible-library-redeclaration]
char strstr ();
     ^
conftest.c:59:6: note: 'strstr' is a builtin with type 'char *(const char *, const char *)'
1 warning generated.
configure:4710: $? = 0
configure:4710: result: yes
configure:4794: checking whether CC supports -llapack
configure:4800: gcc -o conftest -L/usr/lib64/atlas/ -L/usr/lib/atlas-base/ -llapack   conftest.c -lm  >&5
ld: warning: directory not found for option '-L/usr/lib64/atlas/'
ld: warning: directory not found for option '-L/usr/lib/atlas-base/'
configure:4800: $? = 0
configure:4801: result: yes
configure:4816: checking whether CC supports -lblas
configure:4822: gcc -o conftest  -L/usr/lib64/atlas/ -L/usr/lib/atlas-base/ -lblas   conftest.c -lm  >&5
ld: warning: directory not found for option '-L/usr/lib64/atlas/'
ld: warning: directory not found for option '-L/usr/lib/atlas-base/'
configure:4822: $? = 0
configure:4823: result: yes
configure:4838: checking whether CC supports -lcblas
configure:4844: gcc -o conftest -L/usr/lib64/atlas/ -L/usr/lib/atlas-base/ -lcblas   conftest.c -lm  >&5
ld: warning: directory not found for option '-L/usr/lib64/atlas/'
ld: warning: directory not found for option '-L/usr/lib/atlas-base/'
configure:4844: $? = 0
configure:4845: result: yes
configure:4861: checking whether CC supports -latlas
configure:4867: gcc -o conftest  -L/usr/lib64/atlas/ -L/usr/lib/atlas-base/ -latlas   conftest.c -lm  >&5
ld: warning: directory not found for option '-L/usr/lib64/atlas/'
ld: warning: directory not found for option '-L/usr/lib/atlas-base/'
ld: library not found for -latlas
clang: error: linker command failed with exit code 1 (use -v to see invocation)
configure:4867: $? = 1
configure: failed program was:
| /* confdefs.h */
| #define PACKAGE_NAME "IgPHYML"
| #define PACKAGE_TARNAME "igphyml"
| #define PACKAGE_VERSION "1.1.0 201909.16"
| #define PACKAGE_STRING "IgPHYML 1.1.0 201909.16"
| #define PACKAGE_BUGREPORT "kenneth.hoehn@gmail.com"
| #define PACKAGE_URL ""
| #define PACKAGE "igphyml"
| #define VERSION "1.1.0 201909.16"
| #define HAVE_LIBM 1
| #define STDC_HEADERS 1
| #define HAVE_SYS_TYPES_H 1
| #define HAVE_SYS_STAT_H 1
| #define HAVE_STDLIB_H 1
| #define HAVE_STRING_H 1
| #define HAVE_MEMORY_H 1
| #define HAVE_STRINGS_H 1
| #define HAVE_INTTYPES_H 1
| #define HAVE_STDINT_H 1
| #define HAVE_UNISTD_H 1
| #define HAVE_FLOAT_H 1
| #define HAVE_STDLIB_H 1
| #define HAVE_STRING_H 1
| #define HAVE_UNISTD_H 1
| #define HAVE_STDLIB_H 1
| #define HAVE_MALLOC 1
| #define HAVE_STDLIB_H 1
| #define HAVE_REALLOC 1
| #define HAVE_VPRINTF 1
| #define HAVE_FLOOR 1
| #define HAVE_POW 1
| #define HAVE_RINT 1
| #define HAVE_SQRT 1
| #define HAVE_STRCHR 1
| #define HAVE_STRSTR 1
| #define MACOS 1
| #define BLAS_OMP 1
| /* end confdefs.h.  */
| int main() { return 0; }
configure:4872: result: no
configure:4883: checking whether CC supports -lsatlas
configure:4889: gcc -o conftest  -L/usr/lib64/atlas/ -L/usr/lib/atlas-base/ -lsatlas   conftest.c -lm  >&5
ld: warning: directory not found for option '-L/usr/lib64/atlas/'
ld: warning: directory not found for option '-L/usr/lib/atlas-base/'
ld: library not found for -lsatlas
clang: error: linker command failed with exit code 1 (use -v to see invocation)
configure:4889: $? = 1
configure: failed program was:
| /* confdefs.h */
| #define PACKAGE_NAME "IgPHYML"
| #define PACKAGE_TARNAME "igphyml"
| #define PACKAGE_VERSION "1.1.0 201909.16"
| #define PACKAGE_STRING "IgPHYML 1.1.0 201909.16"
| #define PACKAGE_BUGREPORT "kenneth.hoehn@gmail.com"
| #define PACKAGE_URL ""
| #define PACKAGE "igphyml"
| #define VERSION "1.1.0 201909.16"
| #define HAVE_LIBM 1
| #define STDC_HEADERS 1
| #define HAVE_SYS_TYPES_H 1
| #define HAVE_SYS_STAT_H 1
| #define HAVE_STDLIB_H 1
| #define HAVE_STRING_H 1
| #define HAVE_MEMORY_H 1
| #define HAVE_STRINGS_H 1
| #define HAVE_INTTYPES_H 1
| #define HAVE_STDINT_H 1
| #define HAVE_UNISTD_H 1
| #define HAVE_FLOAT_H 1
| #define HAVE_STDLIB_H 1
| #define HAVE_STRING_H 1
| #define HAVE_UNISTD_H 1
| #define HAVE_STDLIB_H 1
| #define HAVE_MALLOC 1
| #define HAVE_STDLIB_H 1
| #define HAVE_REALLOC 1
| #define HAVE_VPRINTF 1
| #define HAVE_FLOOR 1
| #define HAVE_POW 1
| #define HAVE_RINT 1
| #define HAVE_SQRT 1
| #define HAVE_STRCHR 1
| #define HAVE_STRSTR 1
| #define MACOS 1
| #define BLAS_OMP 1
| /* end confdefs.h.  */
| int main() { return 0; }
configure:4894: result: no
configure:5059: checking that generated files are newer than configure
configure:5065: result: done
configure:5112: creating ./config.status

## ---------------------- ##
## Running config.status. ##
## ---------------------- ##

This file was extended by IgPHYML config.status 1.1.0 201909.16, which was
generated by GNU Autoconf 2.69.  Invocation command line was

  CONFIG_FILES    = 
  CONFIG_HEADERS  = 
  CONFIG_LINKS    = 
  CONFIG_COMMANDS = 
  $ ./config.status 

on 老罗的mac

config.status:888: creating Makefile
config.status:888: creating src/Makefile
config.status:888: creating config.h
config.status:1117: executing depfiles commands
config.status:1194: cd src       && sed -e '/# am--include-marker/d' Makefile         | make -f - am--depfiles
config.status:1199: $? = 0

## ---------------- ##
## Cache variables. ##
## ---------------- ##

ac_cv_build=x86_64-apple-darwin19.2.0
ac_cv_c_compiler_gnu=yes
ac_cv_c_const=yes
ac_cv_c_inline=inline
ac_cv_env_CC_set=
ac_cv_env_CC_value=
ac_cv_env_CFLAGS_set=
ac_cv_env_CFLAGS_value=
ac_cv_env_CPPFLAGS_set=
ac_cv_env_CPPFLAGS_value=
ac_cv_env_CPP_set=
ac_cv_env_CPP_value=
ac_cv_env_LDFLAGS_set=
ac_cv_env_LDFLAGS_value=
ac_cv_env_LIBS_set=
ac_cv_env_LIBS_value=
ac_cv_env_build_alias_set=
ac_cv_env_build_alias_value=
ac_cv_env_host_alias_set=
ac_cv_env_host_alias_value=
ac_cv_env_target_alias_set=
ac_cv_env_target_alias_value=
ac_cv_func__doprnt=no
ac_cv_func_floor=yes
ac_cv_func_malloc_0_nonnull=yes
ac_cv_func_pow=yes
ac_cv_func_realloc_0_nonnull=yes
ac_cv_func_rint=yes
ac_cv_func_setvbuf_reversed=no
ac_cv_func_sqrt=yes
ac_cv_func_strchr=yes
ac_cv_func_strstr=yes
ac_cv_func_vprintf=yes
ac_cv_header_float_h=yes
ac_cv_header_inttypes_h=yes
ac_cv_header_memory_h=yes
ac_cv_header_stdc=yes
ac_cv_header_stdint_h=yes
ac_cv_header_stdlib_h=yes
ac_cv_header_string_h=yes
ac_cv_header_strings_h=yes
ac_cv_header_sys_stat_h=yes
ac_cv_header_sys_types_h=yes
ac_cv_header_unistd_h=yes
ac_cv_host=x86_64-apple-darwin19.2.0
ac_cv_lib_m_log=yes
ac_cv_objext=o
ac_cv_path_EGREP='/usr/bin/grep -E'
ac_cv_path_GREP=/usr/bin/grep
ac_cv_path_install='/usr/bin/install -c'
ac_cv_prog_AWK=awk
ac_cv_prog_CPP='gcc -E'
ac_cv_prog_ac_ct_CC=gcc
ac_cv_prog_cc_c89=
ac_cv_prog_cc_g=yes
ac_cv_prog_make_make_set=yes
ac_cv_type_size_t=yes
am_cv_CC_dependencies_compiler_type=gcc3
am_cv_make_support_nested_variables=yes
am_cv_prog_cc_c_o=yes

## ----------------- ##
## Output variables. ##
## ----------------- ##

ACLOCAL='${SHELL} /Users/Meng/PycharmProjects/nCov/source/igphyml/missing aclocal-1.16'
AMDEPBACKSLASH='\'
AMDEP_FALSE='#'
AMDEP_TRUE=''
AMTAR='$${TAR-tar}'
AM_BACKSLASH='\'
AM_DEFAULT_V='$(AM_DEFAULT_VERBOSITY)'
AM_DEFAULT_VERBOSITY='1'
AM_V='$(V)'
AUTOCONF='${SHELL} /Users/Meng/PycharmProjects/nCov/source/igphyml/missing autoconf'
AUTOHEADER='${SHELL} /Users/Meng/PycharmProjects/nCov/source/igphyml/missing autoheader'
AUTOMAKE='${SHELL} /Users/Meng/PycharmProjects/nCov/source/igphyml/missing automake-1.16'
AWK='awk'
CC='gcc'
CCDEPMODE='depmode=gcc3'
CFLAGS='-O3 -fomit-frame-pointer -funroll-loops -fopenmp'
CPP='gcc -E'
CPPFLAGS=''
CYGPATH_W='echo'
DEFS='-DHAVE_CONFIG_H'
DEPDIR='.deps'
ECHO_C='\c'
ECHO_N=''
ECHO_T=''
EGREP='/usr/bin/grep -E'
EXEEXT=''
FEDORA_FALSE=''
FEDORA_TRUE='#'
GREP='/usr/bin/grep'
INSTALL_DATA='${INSTALL} -m 644'
INSTALL_PROGRAM='${INSTALL}'
INSTALL_SCRIPT='${INSTALL}'
INSTALL_STRIP_PROGRAM='$(install_sh) -c -s'
LDFLAGS=''
LIBOBJS=''
LIBS='-lm '
LTLIBOBJS=''
MACOS_FALSE='#'
MACOS_TRUE=''
MAKEINFO='${SHELL} /Users/Meng/PycharmProjects/nCov/source/igphyml/missing makeinfo'
MKDIR_P='./install-sh -c -d'
OBJEXT='o'
PACKAGE='igphyml'
PACKAGE_BUGREPORT='kenneth.hoehn@gmail.com'
PACKAGE_NAME='IgPHYML'
PACKAGE_STRING='IgPHYML 1.1.0 201909.16'
PACKAGE_TARNAME='igphyml'
PACKAGE_URL=''
PACKAGE_VERSION='1.1.0 201909.16'
PATH_SEPARATOR=':'
SET_MAKE=''
SHELL='/bin/sh'
STRIP=''
VERSION='1.1.0 201909.16'
WANT_BLAS_OMP_FALSE='#'
WANT_BLAS_OMP_TRUE=''
WANT_OMP_FALSE=''
WANT_OMP_TRUE='#'
ac_ct_CC='gcc'
am__EXEEXT_FALSE=''
am__EXEEXT_TRUE='#'
am__fastdepCC_FALSE='#'
am__fastdepCC_TRUE=''
am__include='include'
am__isrc=''
am__leading_dot='.'
am__nodep='_no'
am__quote=''
am__tar='$${TAR-tar} chof - "$$tardir"'
am__untar='$${TAR-tar} xf -'
bindir='${exec_prefix}/bin'
build='x86_64-apple-darwin19.2.0'
build_alias=''
build_cpu='x86_64'
build_os='darwin19.2.0'
build_vendor='apple'
datadir='${datarootdir}'
datarootdir='${prefix}/share'
docdir='${datarootdir}/doc/${PACKAGE_TARNAME}'
dvidir='${docdir}'
exec_prefix='${prefix}'
host='x86_64-apple-darwin19.2.0'
host_alias=''
host_cpu='x86_64'
host_os='darwin19.2.0'
host_vendor='apple'
htmldir='${docdir}'
igphyml_LDADD=' -llapack -lblas -lcblas'
includedir='${prefix}/include'
infodir='${datarootdir}/info'
install_sh='${SHELL} /Users/Meng/PycharmProjects/nCov/source/igphyml/install-sh'
libdir='${exec_prefix}/lib'
libexecdir='${exec_prefix}/libexec'
localedir='${datarootdir}/locale'
localstatedir='${prefix}/var'
mandir='${datarootdir}/man'
mkdir_p='$(MKDIR_P)'
oldincludedir='/usr/include'
pdfdir='${docdir}'
prefix='/usr/local'
program_transform_name='s,x,x,'
psdir='${docdir}'
sbindir='${exec_prefix}/sbin'
sharedstatedir='${prefix}/com'
sysconfdir='${prefix}/etc'
target_alias=''

## ----------- ##
## confdefs.h. ##
## ----------- ##

/* confdefs.h */
#define PACKAGE_NAME "IgPHYML"
#define PACKAGE_TARNAME "igphyml"
#define PACKAGE_VERSION "1.1.0 201909.16"
#define PACKAGE_STRING "IgPHYML 1.1.0 201909.16"
#define PACKAGE_BUGREPORT "kenneth.hoehn@gmail.com"
#define PACKAGE_URL ""
#define PACKAGE "igphyml"
#define VERSION "1.1.0 201909.16"
#define HAVE_LIBM 1
#define STDC_HEADERS 1
#define HAVE_SYS_TYPES_H 1
#define HAVE_SYS_STAT_H 1
#define HAVE_STDLIB_H 1
#define HAVE_STRING_H 1
#define HAVE_MEMORY_H 1
#define HAVE_STRINGS_H 1
#define HAVE_INTTYPES_H 1
#define HAVE_STDINT_H 1
#define HAVE_UNISTD_H 1
#define HAVE_FLOAT_H 1
#define HAVE_STDLIB_H 1
#define HAVE_STRING_H 1
#define HAVE_UNISTD_H 1
#define HAVE_STDLIB_H 1
#define HAVE_MALLOC 1
#define HAVE_STDLIB_H 1
#define HAVE_REALLOC 1
#define HAVE_VPRINTF 1
#define HAVE_FLOOR 1
#define HAVE_POW 1
#define HAVE_RINT 1
#define HAVE_SQRT 1
#define HAVE_STRCHR 1
#define HAVE_STRSTR 1
#define MACOS 1
#define BLAS_OMP 1

configure: exit 0
